mic   _utils.py          INFO     Log file created
mic   _utils.py          INFO     OS: {'name': 'Darwin', 'data': {'version': 'Darwin Kernel Version 17.7.0: Thu Jun 21 22:53:14 PDT 2018; root:xnu-4570.71.2~1/RELEASE_X86_64', 'release': '17.7.0', 'platform': 'macOS-10.13.6-x86_64-i386-64bit'}}
mic   _utils.py          INFO     MIC Version: 1.3.6
mic   _utils.py          INFO     <=================>
mic   _utils.py          INFO     Command: {'name': 'start', 'command_parameters': {'name': {'value': 'example-component-hv', 'type': 'str'}, 'image': {'value': None, 'type': 'NoneType'}}}
mic   initialization.py  DEBUG    detecting framework(s): [<Framework.GENERIC: ('general', 'mintproject/generic:latest')>]
mic   initialization.py  DEBUG    OS name: darwin
mic   docker.py          INFO     Downloading and building base docker image
mic   config_yaml.py     DEBUG    Writing to spec: {'file': '/Users/hvargas/ISI/mic/example/mic/mic.yaml', 'data': {'key': 'name', 'value': 'example-component-hv'}}
mic   config_yaml.py     DEBUG    Writing to spec: {'file': '/Users/hvargas/ISI/mic/example/mic/mic.yaml', 'data': {'key': 'docker_image', 'value': 'example-component-hv:latest'}}
mic   config_yaml.py     DEBUG    Writing to spec: {'file': '/Users/hvargas/ISI/mic/example/mic/mic.yaml', 'data': {'key': 'framework', 'value': <Framework.GENERIC: ('general', 'mintproject/generic:latest')>}}
mic   config_yaml.py     DEBUG    Writing to spec: {'file': '/Users/hvargas/ISI/mic/example/mic/mic.yaml', 'data': {'key': 'container_name', 'value': 'example-component-hv_308f61ee'}}
mic   _utils.py          INFO     <=================>
mic   _utils.py          INFO     Command: {'name': 'trace', 'command_parameters': {'invocation_command': {'value': ('sh', 'concat.sh', 'input/test.txt', 'input/test2.txt'), 'type': 'tuple'}, 'continu': {'value': None, 'type': 'NoneType'}, 'overwrite': {'value': None, 'type': 'NoneType'}}}
mic   commands.py        DEBUG    Append mode: None
mic   commands.py        INFO     trace done
mic   _utils.py          INFO     <=================>
mic   _utils.py          INFO     Command: {'name': 'inputs', 'command_parameters': {'mic_file': {'value': '/tmp/mint/mic/mic.yaml', 'type': 'str'}, 'custom_inputs': {'value': (), 'type': 'tuple'}}}
mic   commands.py        DEBUG    Inputs found from reprozip: ['/tmp/mint/concat.sh', '/tmp/mint/input', '/tmp/mint/output']
mic   reprozip.py        DEBUG    Adding executable: concat.sh
mic   commands.py        DEBUG    code files found from reprozip: ['/tmp/mint/concat.sh']
mic   commands.py        INFO     Ignoring the config as an input: /tmp/mint/concat.sh
mic   commands.py        INFO     Compressing the input directory (input)
mic   commands.py        INFO     Input added: input
mic   commands.py        INFO     Input added: output
mic   config_yaml.py     DEBUG    Writing to spec: {'file': '/tmp/mint/mic/mic.yaml', 'data': {'key': 'inputs', 'value': {'input_zip': {'path': 'input.zip', 'format': 'zip'}, 'output': {'path': 'output', 'format': ''}}}}
mic   config_yaml.py     DEBUG    Writing to spec: {'file': '/tmp/mint/mic/mic.yaml', 'data': {'key': 'code_files', 'value': {'concat_sh': {'path': 'concat.sh', 'format': 'sh'}}}}
mic   commands.py        INFO     inputs done
mic   _utils.py          INFO     <=================>
mic   _utils.py          INFO     Command: {'name': 'outputs', 'command_parameters': {'mic_file': {'value': '/tmp/mint/mic/mic.yaml', 'type': 'str'}, 'custom_outputs': {'value': (), 'type': 'tuple'}}}
mic   commands.py        DEBUG    Outputs found from reprozip: []
mic   config_yaml.py     DEBUG    Writing to spec: {'file': '/tmp/mint/mic/mic.yaml', 'data': {'key': 'outputs', 'value': {}}}
mic   commands.py        INFO     outputs done
mic   _utils.py          INFO     <=================>
mic   _utils.py          INFO     Command: {'name': 'wrapper', 'command_parameters': {'mic_file': {'value': '/tmp/mint/mic/mic.yaml', 'type': 'str'}}}
mic   commands.py        INFO     Generating wrapper code
mic   reprozip.py        DEBUG    Pre runner code: ''
mic   reprozip.py        DEBUG    Runner code: '\npushd .\nsh concat.sh input/test.txt input/test2.txt\npopd'
mic   initialization.py  DEBUG    run file rendered
mic   initialization.py  DEBUG    io file rendered
mic   commands.py        INFO     wrapper done
mic   _utils.py          INFO     <=================>
mic   _utils.py          INFO     Command: {'name': 'run', 'command_parameters': {'mic_file': {'value': '/tmp/mint/mic/mic.yaml', 'type': 'str'}}}
mic   executor.py        INFO     Running: ./run   -i1 /tmp/mint/mic/executions/11_25_19_16_30/src/input.zip  -o1 output_file. 
mic   executor.py        DEBUG    exe_arr: ['./run', '-i1', '/tmp/mint/mic/executions/11_25_19_16_30/src/input.zip', '-o1', 'output_file.']
mic   commands.py        INFO     Run passed
mic   commands.py        INFO     run done
mic   commands.py        INFO     start done
mic   _utils.py          INFO     <=================>
mic   _utils.py          INFO     Command: {'name': 'upload', 'command_parameters': {'mic_file': {'value': '/Users/hvargas/ISI/mic/example/mic/mic.yaml', 'type': 'str'}, 'profile': {'value': 'default', 'type': 'str'}, 'model_configuration': {'value': True, 'type': 'bool'}, 'data_transformation': {'value': None, 'type': 'NoneType'}}}
mic   github.py          INFO     Creating the git repository
mic   github.py          INFO     Compressing code
mic   github.py          INFO     Creating a new commit
mic   commands.py        ERROR    Upload failed: failed to create commit: current tip is not the first parent
Traceback (most recent call last):
  File "/usr/local/lib/python3.9/site-packages/mic-1.3.6-py3.9.egg/mic/click_encapsulate/commands.py", line 687, in upload
    push(mic_config_path.parent, mic_config_path, name, profile)
  File "/usr/local/lib/python3.9/site-packages/mic-1.3.6-py3.9.egg/mic/publisher/github.py", line 33, in push
    git_commit(repo)
  File "/usr/local/lib/python3.9/site-packages/mic-1.3.6-py3.9.egg/mic/publisher/github.py", line 85, in git_commit
    repo.create_commit('refs/heads/master', author, author, "automated mic", tree, parents)
_pygit2.GitError: failed to create commit: current tip is not the first parent
mic   _utils.py          INFO     <=================>
mic   _utils.py          INFO     Command: {'name': 'upload', 'command_parameters': {'mic_file': {'value': '/Users/hvargas/ISI/mic/example/mic/mic.yaml', 'type': 'str'}, 'profile': {'value': 'default', 'type': 'str'}, 'model_configuration': {'value': True, 'type': 'bool'}, 'data_transformation': {'value': None, 'type': 'NoneType'}}}
mic   github.py          INFO     Creating the git repository
mic   github.py          INFO     Compressing code
mic   github.py          INFO     Creating a new commit
mic   commands.py        ERROR    Upload failed: failed to create commit: current tip is not the first parent
Traceback (most recent call last):
  File "/usr/local/lib/python3.9/site-packages/mic-1.3.6-py3.9.egg/mic/click_encapsulate/commands.py", line 687, in upload
    push(mic_config_path.parent, mic_config_path, name, profile)
  File "/usr/local/lib/python3.9/site-packages/mic-1.3.6-py3.9.egg/mic/publisher/github.py", line 33, in push
    git_commit(repo)
  File "/usr/local/lib/python3.9/site-packages/mic-1.3.6-py3.9.egg/mic/publisher/github.py", line 85, in git_commit
    repo.create_commit('refs/heads/master', author, author, "automated mic", tree, parents)
_pygit2.GitError: failed to create commit: current tip is not the first parent
mic   _utils.py          INFO     <=================>
mic   _utils.py          INFO     Command: {'name': 'upload', 'command_parameters': {'mic_file': {'value': '/Users/hvargas/ISI/example/mic/mic.yaml', 'type': 'str'}, 'profile': {'value': 'default', 'type': 'str'}, 'model_configuration': {'value': True, 'type': 'bool'}, 'data_transformation': {'value': None, 'type': 'NoneType'}}}
mic   github.py          INFO     Creating the git repository
mic   github.py          INFO     Compressing code
mic   github.py          INFO     Creating a new commit
